541
128
521
681
576
25
799
599
119
430
522
358
87
376
25
894
358
487
606
720
736
120
321
515
656
51
701
845
747
256
239
387
229
298
294
839
675
401
101
568
973
321
105
631
668
23
698
682
304
456
565
677
10
324
959
818
251
141
250
30
553
180
363
494
403
798
138
101
304
3
461
828
236
143
505
352
886
30
773
329
159
578
253
369
439
861
465
191
373
546
503
632
373
341
594
908
192
938
415
857
218
327
305
391
607
845
650
555
696
44
775
90
851
854
906
750
701
940
199
214
117
820
968
556
226
523
433
427
378
461
752
986
645
874
487
865
442
260
340
721
417
210
349
251
602
260
292
641
604
461
59
454
554
775
440
373
695
829
730
430
935
727
660
515
387
741
804
628
117
881
547
547
467
832
396
580
843
645
593
710
149
645
736
461
528
821
796
453
805
653
177
785
794
301
461
712
498
641
615
249
295
660
11
283
221
935
371
361
161
199
429
578
21
521
201
798
318
57
362
462
271
419
22
710
894
170
640
101
514
742
857
1000
760
518
105
313
123
378
633
958
207
835
219
46
333
205
773
390
836
697
164
476
822
516
762
202
873
204
910
712
62
274
410
546
886
930
653
114
625
62
862
862
465
114
851
692
419
837
709
559
10
55
968
179
377
513
797
779
157
493
542
625
353
901
105
239
308
224
72
704
216
508
210
577
266
565
665
247
569
113
651
919
39
699
534
806
11
789
889
912
863
850
536
663
434
131
609
612
756
9
121
305
797
124
653
173
399
680
230
408
519
421
706
189
167
524
486
969
451
380
979
621
629
131
891
226
558
838
334
634
688
438
906
963
507
112
165
595
234
284
83
125
259
116
618
155
404
305
535
327
98
287
336
239
35
667
723
272
197
279
36
193
678
87
80
35
346
764
861
200
467
742
559
88
867
215
45
772
279
237
475
259
1
608
581
822
726
722
365
85
295
102
165
570
813
672
656
98
677
902
806
974
287
171
341
605
561
27
207
384
628
922
553
860
335
54
113
405
189
238
163
809
995
820
906
59
754
363
313
118
328
558
201
990
360
966
382
329
968
829
828
780
626
880
939
340
346
315
370
270
583
952
250
662
318
568
531
888
620
700
935
359
378
209
744
136
133
895
391
556
126
475
151
732
70
585
291
642
574
863
667
84
651
538
560
126
464
686
246
979
864
233
216
382
452
48
176
465
970
206
132
680
846
564
590
8
446
766
649
251
313
94
271
297
993
553
780
370
186
385
640
782
379
517
921
706
570
520
575
524
907
498
548
713
246
223
926
349
852
375
955
535
960
627
8
165
233
481
798
932
407
884
594
760
941
368
182
614
999
768
140
153
180
221
121
588
302
734
720
898
279
144
405
847
219
441
215
713
753
696
736
981
35
894
99
178
761
982
240
784
736
435
442
501
442
123
221
833
824
913
714
868
516
983
882
144
314
244
63
106
687
511
60
3
713
77
585
93
351
493
950
183
380
700
428
604
852
40
281
837
750
778
572
576
702
370
841
191
503
420
230
880
942
807
216
521
303
587
607
572
353
246
376
997
917
212
106
686
976
760
310
494
851
281
47
76
482
843
728
880
670
794
361
810
362
306
489
776
193
601
58
507
50
392
407
416
126
746
799
936
371
573
268
95
471
12
288
392
632
687
400
830
532
218
767
629
691
79
575
839
185
770
936
541
407
790
557
27
259
892
151
745
145
110
420
731
723
48
762
563
194
467
619
759
882
600
937
327
856
720
961
233
589
821
404
511
560
113
361
681
136
976
29
568
