533
401
215
866
726
774
602
12
218
512
614
636
291
649
109
934
707
134
442
513
573
30
688
261
473
428
175
94
886
921
966
129
595
628
853
671
503
755
583
28
330
611
912
228
426
708
839
800
553
546
158
678
684
865
881
325
765
27
178
114
816
797
254
36
550
99
537
117
915
395
961
487
414
331
386
105
787
555
875
263
190
748
521
67
999
873
284
752
168
794
484
612
900
585
884
597
752
917
907
150
880
978
886
28
161
12
363
230
46
507
872
714
978
558
763
158
722
723
781
667
735
976
439
413
619
443
716
503
974
519
97
331
80
725
766
597
806
1
588
520
564
934
900
514
283
178
583
505
331
145
381
232
541
211
495
135
721
366
928
299
996
221
956
718
740
137
1
787
837
831
933
21
139
7
457
430
145
20
39
360
954
990
237
549
188
11
804
743
76
442
568
924
679
977
491
392
456
709
706
354
248
799
871
999
632
852
228
189
396
940
181
64
872
915
873
55
152
144
884
986
22
731
126
960
667
324
644
899
911
307
644
948
162
787
152
286
108
76
419
345
133
233
135
287
913
91
753
586
215
997
935
184
257
412
826
630
361
644
10
639
281
900
547
758
707
996
381
646
483
450
595
442
841
625
700
919
16
785
976
12
972
222
991
115
156
411
423
242
618
124
632
652
227
232
195
612
657
990
671
146
820
245
59
347
823
126
196
478
589
897
982
642
641
272
988
103
715
334
345
303
299
494
65
936
40
744
492
311
180
776
208
118
468
892
607
718
872
6
854
848
380
30
787
13
101
180
870
963
746
351
767
339
925
885
179
538
872
738
927
989
602
552
687
289
428
220
459
349
675
978
396
7
56
313
933
61
492
195
520
690
546
89
856
297
143
503
10
424
41
354
867
663
937
601
311
291
371
658
404
859
917
105
819
379
533
538
307
1
282
404
420
338
370
221
585
377
226
508
912
296
350
450
326
200
313
505
574
193
265
201
324
842
698
380
535
520
221
425
998
423
673
133
161
473
530
553
246
651
21
941
669
593
233
561
601
950
510
730
222
520
131
270
379
140
52
998
66
270
463
947
339
610
389
666
919
868
182
534
135
690
689
888
437
909
867
905
175
430
726
236
86
839
888
823
71
344
245
530
947
371
767
703
75
468
797
525
646
13
637
173
587
603
329
368
758
511
457
929
909
509
914
843
478
188
422
314
172
731
858
757
604
901
486
287
